database/data/app_applications.csv
database/data/app_components.csv
database/data/app_contexts.csv
database/data/app_lovs.csv
database/data/app_navigation.csv
database/data/app_navigation_map_mv.csv
database/data/app_pages.csv
database/data/app_procedures.csv
database/data/app_roles.csv
database/data/app_roles_map.csv
database/data/app_settings.csv
database/data/app_tables.csv
database/data/app_user_messages.csv
database/data/app_users.csv
database/data/app_users_map.csv
database/packages/trp_app.spec.sql
database/packages/trp_app.sql
database/packages/trp_tapi.spec.sql
database/packages/trp_tapi.sql
database/sequences/trp_stop_id.sql
database/sequences/trp_trip_id.sql
database/tables/trp_itinerary.sql
database/tables/trp_trips.sql
database/views/trp_itinerary_gantt_v.sql
database/views/trp_itinerary_grid_v.sql
database/views/trp_lov_categories_v.sql
database/views/trp_navigation_v.sql
database/views/trp_trips_grid_v.sql
